

Version:	3.50
CmdLine:	C:\fixed_version_route_maker\route_maker\RouteMaker\launch4test.exe --l4j-debug
JNI:		No
WOW64:		Yes
Working dir:	C:\fixed_version_route_maker\route_maker\RouteMaker\.
Requires JDK:	No
Requires 64-Bit: No
Java min ver:	
Java max ver:	
Substitute:	JAVA_HOME = C:\Java\java-21-openjdk-21.0.4.0.7-1.win.jdk.x86_64
Substitute:	PATH = C:\Program Files\Parallels\Parallels Tools\Applications;C:\WINDOWS\system32;C:\WINDOWS;C:\WINDOWS\System32\Wbem;C:\WINDOWS\System32\WindowsPowerShell\v1.0\;C:\Program Files\dotnet\;C:\Program Files\cursor\resources\app\bin;C:\Program Files\Git\cmd;C:\WINDOWS\System32\OpenSSH\;C:\Java\java-21-openjdk-21.0.4.0.7-1.win.jdk.x86_64\bin;C:\Users\pranciskusmacevicius\AppData\Local\Microsoft\WindowsApps;C:\Java\java-21-openjdk-21.0.4.0.7-1.win.jdk.x86_64\bin
JRE paths:	C:\Java\java-21-openjdk-21.0.4.0.7-1.win.jdk.x86_64;C:\Program Files\Parallels\Parallels Tools\Applications;C:\WINDOWS\system32;C:\WINDOWS;C:\WINDOWS\System32\Wbem;C:\WINDOWS\System32\WindowsPowerShell\v1.0\;C:\Program Files\dotnet\;C:\Program Files\cursor\resources\app\bin;C:\Program Files\Git\cmd;C:\WINDOWS\System32\OpenSSH\;C:\Java\java-21-openjdk-21.0.4.0.7-1.win.jdk.x86_64\bin;C:\Users\pranciskusmacevicius\AppData\Local\Microsoft\WindowsApps;C:\Java\java-21-openjdk-21.0.4.0.7-1.win.jdk.x86_64\bin
Check launcher:	C:\Java\java-21-openjdk-21.0.4.0.7-1.win.jdk.x86_64\bin\javaw.exe (OK)
Version string: 1.021.000_004 / 64-Bit (OK)
Launcher:	C:\Java\java-21-openjdk-21.0.4.0.7-1.win.jdk.x86_64\bin\javaw.exe
Launcher args:	-jar "C:\fixed_version_route_maker\route_maker\RouteMaker\RouteMaker.jar"
Args length:	73/32768 chars
Exit code:	0


Version:	3.50
CmdLine:	C:\fixed_version_route_maker\route_maker\RouteMaker\launch4test.exe --l4j-debug
JNI:		No
WOW64:		Yes
Working dir:	C:\fixed_version_route_maker\route_maker\RouteMaker\.
Requires JDK:	No
Requires 64-Bit: No
Java min ver:	
Java max ver:	
Substitute:	JAVA_HOME = C:\Java\java-21-openjdk-21.0.4.0.7-1.win.jdk.x86_64
Substitute:	PATH = C:\Program Files\Parallels\Parallels Tools\Applications;C:\WINDOWS\system32;C:\WINDOWS;C:\WINDOWS\System32\Wbem;C:\WINDOWS\System32\WindowsPowerShell\v1.0\;C:\Program Files\dotnet\;C:\Program Files\cursor\resources\app\bin;C:\Program Files\Git\cmd;C:\WINDOWS\System32\OpenSSH\;C:\Java\java-21-openjdk-21.0.4.0.7-1.win.jdk.x86_64\bin;C:\Users\pranciskusmacevicius\AppData\Local\Microsoft\WindowsApps;C:\Java\java-21-openjdk-21.0.4.0.7-1.win.jdk.x86_64\bin
JRE paths:	C:\Java\java-21-openjdk-21.0.4.0.7-1.win.jdk.x86_64;C:\Program Files\Parallels\Parallels Tools\Applications;C:\WINDOWS\system32;C:\WINDOWS;C:\WINDOWS\System32\Wbem;C:\WINDOWS\System32\WindowsPowerShell\v1.0\;C:\Program Files\dotnet\;C:\Program Files\cursor\resources\app\bin;C:\Program Files\Git\cmd;C:\WINDOWS\System32\OpenSSH\;C:\Java\java-21-openjdk-21.0.4.0.7-1.win.jdk.x86_64\bin;C:\Users\pranciskusmacevicius\AppData\Local\Microsoft\WindowsApps;C:\Java\java-21-openjdk-21.0.4.0.7-1.win.jdk.x86_64\bin
Check launcher:	C:\Java\java-21-openjdk-21.0.4.0.7-1.win.jdk.x86_64\bin\javaw.exe (OK)
Version string: 1.021.000_004 / 64-Bit (OK)
Launcher:	C:\Java\java-21-openjdk-21.0.4.0.7-1.win.jdk.x86_64\bin\javaw.exe
Launcher args:	-jar "C:\fixed_version_route_maker\route_maker\RouteMaker\RouteMaker.jar"
Args length:	73/32768 chars
Exit code:	0


Version:	3.50
CmdLine:	C:\fixed_version_route_maker\route_maker\RouteMaker\launch4test.exe --l4j-debug
JNI:		No
WOW64:		Yes
Working dir:	C:\fixed_version_route_maker\route_maker\RouteMaker\.
Requires JDK:	No
Requires 64-Bit: No
Java min ver:	
Java max ver:	
Substitute:	JAVA_HOME = C:\Java\java-21-openjdk-21.0.4.0.7-1.win.jdk.x86_64
Substitute:	PATH = C:\Program Files\Parallels\Parallels Tools\Applications;C:\WINDOWS\system32;C:\WINDOWS;C:\WINDOWS\System32\Wbem;C:\WINDOWS\System32\WindowsPowerShell\v1.0\;C:\Program Files\dotnet\;C:\Program Files\cursor\resources\app\bin;C:\Program Files\Git\cmd;C:\WINDOWS\System32\OpenSSH\;C:\Java\java-21-openjdk-21.0.4.0.7-1.win.jdk.x86_64\bin;C:\Users\pranciskusmacevicius\AppData\Local\Microsoft\WindowsApps;C:\Java\java-21-openjdk-21.0.4.0.7-1.win.jdk.x86_64\bin
JRE paths:	C:\Java\java-21-openjdk-21.0.4.0.7-1.win.jdk.x86_64;C:\Program Files\Parallels\Parallels Tools\Applications;C:\WINDOWS\system32;C:\WINDOWS;C:\WINDOWS\System32\Wbem;C:\WINDOWS\System32\WindowsPowerShell\v1.0\;C:\Program Files\dotnet\;C:\Program Files\cursor\resources\app\bin;C:\Program Files\Git\cmd;C:\WINDOWS\System32\OpenSSH\;C:\Java\java-21-openjdk-21.0.4.0.7-1.win.jdk.x86_64\bin;C:\Users\pranciskusmacevicius\AppData\Local\Microsoft\WindowsApps;C:\Java\java-21-openjdk-21.0.4.0.7-1.win.jdk.x86_64\bin
Check launcher:	C:\Java\java-21-openjdk-21.0.4.0.7-1.win.jdk.x86_64\bin\javaw.exe (OK)
Version string: 1.021.000_004 / 64-Bit (OK)
Launcher:	C:\Java\java-21-openjdk-21.0.4.0.7-1.win.jdk.x86_64\bin\javaw.exe
Launcher args:	-jar "C:\fixed_version_route_maker\route_maker\RouteMaker\RouteMaker.jar"
Args length:	73/32768 chars
Exit code:	0


Version:	3.50
CmdLine:	C:\fixed_version_route_maker\route_maker\RouteMaker\launch4test.exe --l4j-debug
JNI:		No
WOW64:		Yes
Working dir:	C:\fixed_version_route_maker\route_maker\RouteMaker\.
Requires JDK:	No
Requires 64-Bit: No
Java min ver:	
Java max ver:	
Substitute:	JAVA_HOME = C:\Java\java-21-openjdk-21.0.4.0.7-1.win.jdk.x86_64
Substitute:	PATH = C:\Program Files\Parallels\Parallels Tools\Applications;C:\WINDOWS\system32;C:\WINDOWS;C:\WINDOWS\System32\Wbem;C:\WINDOWS\System32\WindowsPowerShell\v1.0\;C:\Program Files\dotnet\;C:\Program Files\cursor\resources\app\bin;C:\Program Files\Git\cmd;C:\WINDOWS\System32\OpenSSH\;C:\Java\java-21-openjdk-21.0.4.0.7-1.win.jdk.x86_64\bin;C:\Users\pranciskusmacevicius\AppData\Local\Microsoft\WindowsApps;C:\Java\java-21-openjdk-21.0.4.0.7-1.win.jdk.x86_64\bin
JRE paths:	C:\Java\java-21-openjdk-21.0.4.0.7-1.win.jdk.x86_64;C:\Program Files\Parallels\Parallels Tools\Applications;C:\WINDOWS\system32;C:\WINDOWS;C:\WINDOWS\System32\Wbem;C:\WINDOWS\System32\WindowsPowerShell\v1.0\;C:\Program Files\dotnet\;C:\Program Files\cursor\resources\app\bin;C:\Program Files\Git\cmd;C:\WINDOWS\System32\OpenSSH\;C:\Java\java-21-openjdk-21.0.4.0.7-1.win.jdk.x86_64\bin;C:\Users\pranciskusmacevicius\AppData\Local\Microsoft\WindowsApps;C:\Java\java-21-openjdk-21.0.4.0.7-1.win.jdk.x86_64\bin
Check launcher:	C:\Java\java-21-openjdk-21.0.4.0.7-1.win.jdk.x86_64\bin\javaw.exe (OK)
Version string: 1.021.000_004 / 64-Bit (OK)
Launcher:	C:\Java\java-21-openjdk-21.0.4.0.7-1.win.jdk.x86_64\bin\javaw.exe
Launcher args:	-jar "C:\fixed_version_route_maker\route_maker\RouteMaker\RouteMaker.jar"
Args length:	73/32768 chars
Exit code:	0


Version:	3.50
CmdLine:	C:\fixed_version_route_maker\route_maker\RouteMaker\launch4test.exe --l4j-debug
JNI:		No
WOW64:		Yes
Working dir:	C:\fixed_version_route_maker\route_maker\RouteMaker\.
Requires JDK:	No
Requires 64-Bit: No
Java min ver:	
Java max ver:	
Substitute:	JAVA_HOME = C:\Java\java-21-openjdk-21.0.4.0.7-1.win.jdk.x86_64
Substitute:	PATH = C:\Program Files\Parallels\Parallels Tools\Applications;C:\WINDOWS\system32;C:\WINDOWS;C:\WINDOWS\System32\Wbem;C:\WINDOWS\System32\WindowsPowerShell\v1.0\;C:\Program Files\dotnet\;C:\Program Files\cursor\resources\app\bin;C:\Program Files\Git\cmd;C:\WINDOWS\System32\OpenSSH\;C:\Java\java-21-openjdk-21.0.4.0.7-1.win.jdk.x86_64\bin;C:\Users\pranciskusmacevicius\AppData\Local\Microsoft\WindowsApps;C:\Java\java-21-openjdk-21.0.4.0.7-1.win.jdk.x86_64\bin
JRE paths:	C:\Java\java-21-openjdk-21.0.4.0.7-1.win.jdk.x86_64;C:\Program Files\Parallels\Parallels Tools\Applications;C:\WINDOWS\system32;C:\WINDOWS;C:\WINDOWS\System32\Wbem;C:\WINDOWS\System32\WindowsPowerShell\v1.0\;C:\Program Files\dotnet\;C:\Program Files\cursor\resources\app\bin;C:\Program Files\Git\cmd;C:\WINDOWS\System32\OpenSSH\;C:\Java\java-21-openjdk-21.0.4.0.7-1.win.jdk.x86_64\bin;C:\Users\pranciskusmacevicius\AppData\Local\Microsoft\WindowsApps;C:\Java\java-21-openjdk-21.0.4.0.7-1.win.jdk.x86_64\bin
Check launcher:	C:\Java\java-21-openjdk-21.0.4.0.7-1.win.jdk.x86_64\bin\javaw.exe (OK)
Version string: 1.021.000_004 / 64-Bit (OK)
Launcher:	C:\Java\java-21-openjdk-21.0.4.0.7-1.win.jdk.x86_64\bin\javaw.exe
Launcher args:	-jar "C:\fixed_version_route_maker\route_maker\RouteMaker\RouteMaker.jar"
Args length:	73/32768 chars
Exit code:	0


Version:	3.50
CmdLine:	C:\fixed_version_route_maker\route_maker\RouteMaker\launch4test.exe --l4j-debug
JNI:		No
WOW64:		Yes
Working dir:	C:\fixed_version_route_maker\route_maker\RouteMaker\.
Requires JDK:	No
Requires 64-Bit: No
Java min ver:	
Java max ver:	
Substitute:	JAVA_HOME = C:\Java\java-21-openjdk-21.0.4.0.7-1.win.jdk.x86_64
Substitute:	PATH = C:\Program Files\Parallels\Parallels Tools\Applications;C:\WINDOWS\system32;C:\WINDOWS;C:\WINDOWS\System32\Wbem;C:\WINDOWS\System32\WindowsPowerShell\v1.0\;C:\Program Files\dotnet\;C:\Program Files\cursor\resources\app\bin;C:\Program Files\Git\cmd;C:\WINDOWS\System32\OpenSSH\;C:\Java\java-21-openjdk-21.0.4.0.7-1.win.jdk.x86_64\bin;C:\Users\pranciskusmacevicius\AppData\Local\Microsoft\WindowsApps;C:\Java\java-21-openjdk-21.0.4.0.7-1.win.jdk.x86_64\bin
JRE paths:	C:\Java\java-21-openjdk-21.0.4.0.7-1.win.jdk.x86_64;C:\Program Files\Parallels\Parallels Tools\Applications;C:\WINDOWS\system32;C:\WINDOWS;C:\WINDOWS\System32\Wbem;C:\WINDOWS\System32\WindowsPowerShell\v1.0\;C:\Program Files\dotnet\;C:\Program Files\cursor\resources\app\bin;C:\Program Files\Git\cmd;C:\WINDOWS\System32\OpenSSH\;C:\Java\java-21-openjdk-21.0.4.0.7-1.win.jdk.x86_64\bin;C:\Users\pranciskusmacevicius\AppData\Local\Microsoft\WindowsApps;C:\Java\java-21-openjdk-21.0.4.0.7-1.win.jdk.x86_64\bin
Check launcher:	C:\Java\java-21-openjdk-21.0.4.0.7-1.win.jdk.x86_64\bin\javaw.exe (OK)
Version string: 1.021.000_004 / 64-Bit (OK)
Launcher:	C:\Java\java-21-openjdk-21.0.4.0.7-1.win.jdk.x86_64\bin\javaw.exe
Launcher args:	-jar "C:\fixed_version_route_maker\route_maker\RouteMaker\RouteMaker.jar"
Args length:	73/32768 chars
Exit code:	0


Version:	3.50
CmdLine:	C:\fixed_version_route_maker\route_maker\RouteMaker\launch4test.exe --l4j-debug
JNI:		No
WOW64:		Yes
Working dir:	C:\fixed_version_route_maker\route_maker\RouteMaker\.
Requires JDK:	No
Requires 64-Bit: No
Java min ver:	
Java max ver:	
Substitute:	JAVA_HOME = C:\Java\java-21-openjdk-21.0.4.0.7-1.win.jdk.x86_64
Substitute:	PATH = C:\Program Files\Parallels\Parallels Tools\Applications;C:\WINDOWS\system32;C:\WINDOWS;C:\WINDOWS\System32\Wbem;C:\WINDOWS\System32\WindowsPowerShell\v1.0\;C:\Program Files\dotnet\;C:\Program Files\cursor\resources\app\bin;C:\Program Files\Git\cmd;C:\WINDOWS\System32\OpenSSH\;C:\Java\java-21-openjdk-21.0.4.0.7-1.win.jdk.x86_64\bin;C:\Users\pranciskusmacevicius\AppData\Local\Microsoft\WindowsApps;C:\Java\java-21-openjdk-21.0.4.0.7-1.win.jdk.x86_64\bin
JRE paths:	C:\Java\java-21-openjdk-21.0.4.0.7-1.win.jdk.x86_64;C:\Program Files\Parallels\Parallels Tools\Applications;C:\WINDOWS\system32;C:\WINDOWS;C:\WINDOWS\System32\Wbem;C:\WINDOWS\System32\WindowsPowerShell\v1.0\;C:\Program Files\dotnet\;C:\Program Files\cursor\resources\app\bin;C:\Program Files\Git\cmd;C:\WINDOWS\System32\OpenSSH\;C:\Java\java-21-openjdk-21.0.4.0.7-1.win.jdk.x86_64\bin;C:\Users\pranciskusmacevicius\AppData\Local\Microsoft\WindowsApps;C:\Java\java-21-openjdk-21.0.4.0.7-1.win.jdk.x86_64\bin
Check launcher:	C:\Java\java-21-openjdk-21.0.4.0.7-1.win.jdk.x86_64\bin\javaw.exe (OK)
Version string: 1.021.000_004 / 64-Bit (OK)
Launcher:	C:\Java\java-21-openjdk-21.0.4.0.7-1.win.jdk.x86_64\bin\javaw.exe
Launcher args:	-jar "C:\fixed_version_route_maker\route_maker\RouteMaker\RouteMaker.jar"
Args length:	73/32768 chars
Exit code:	0


Version:	3.50
CmdLine:	C:\fixed_version_route_maker\route_maker\RouteMaker\launch4test.exe --l4j-debug
JNI:		No
WOW64:		Yes
Working dir:	C:\fixed_version_route_maker\route_maker\RouteMaker\.
Requires JDK:	No
Requires 64-Bit: No
Java min ver:	
Java max ver:	
Substitute:	JAVA_HOME = C:\Java\java-21-openjdk-21.0.4.0.7-1.win.jdk.x86_64
Substitute:	PATH = C:\Program Files\Parallels\Parallels Tools\Applications;C:\WINDOWS\system32;C:\WINDOWS;C:\WINDOWS\System32\Wbem;C:\WINDOWS\System32\WindowsPowerShell\v1.0\;C:\Program Files\dotnet\;C:\Program Files\cursor\resources\app\bin;C:\Program Files\Git\cmd;C:\WINDOWS\System32\OpenSSH\;C:\Java\java-21-openjdk-21.0.4.0.7-1.win.jdk.x86_64\bin;C:\Users\pranciskusmacevicius\AppData\Local\Microsoft\WindowsApps;C:\Java\java-21-openjdk-21.0.4.0.7-1.win.jdk.x86_64\bin
JRE paths:	C:\Java\java-21-openjdk-21.0.4.0.7-1.win.jdk.x86_64;C:\Program Files\Parallels\Parallels Tools\Applications;C:\WINDOWS\system32;C:\WINDOWS;C:\WINDOWS\System32\Wbem;C:\WINDOWS\System32\WindowsPowerShell\v1.0\;C:\Program Files\dotnet\;C:\Program Files\cursor\resources\app\bin;C:\Program Files\Git\cmd;C:\WINDOWS\System32\OpenSSH\;C:\Java\java-21-openjdk-21.0.4.0.7-1.win.jdk.x86_64\bin;C:\Users\pranciskusmacevicius\AppData\Local\Microsoft\WindowsApps;C:\Java\java-21-openjdk-21.0.4.0.7-1.win.jdk.x86_64\bin
Check launcher:	C:\Java\java-21-openjdk-21.0.4.0.7-1.win.jdk.x86_64\bin\javaw.exe (OK)
Version string: 1.021.000_004 / 64-Bit (OK)
Launcher:	C:\Java\java-21-openjdk-21.0.4.0.7-1.win.jdk.x86_64\bin\javaw.exe
Launcher args:	-jar "C:\fixed_version_route_maker\route_maker\RouteMaker\RouteMaker.jar"
Args length:	73/32768 chars
Exit code:	0


Version:	3.50
CmdLine:	C:\fixed_version_route_maker\route_maker\RouteMaker\launch4test.exe --l4j-debug
JNI:		No
WOW64:		Yes
Working dir:	C:\fixed_version_route_maker\route_maker\RouteMaker\.
Requires JDK:	No
Requires 64-Bit: No
Java min ver:	
Java max ver:	
Substitute:	JAVA_HOME = C:\Java\java-21-openjdk-21.0.4.0.7-1.win.jdk.x86_64
Substitute:	PATH = C:\Program Files\Parallels\Parallels Tools\Applications;C:\WINDOWS\system32;C:\WINDOWS;C:\WINDOWS\System32\Wbem;C:\WINDOWS\System32\WindowsPowerShell\v1.0\;C:\Program Files\dotnet\;C:\Program Files\cursor\resources\app\bin;C:\Program Files\Git\cmd;C:\WINDOWS\System32\OpenSSH\;C:\Java\java-21-openjdk-21.0.4.0.7-1.win.jdk.x86_64\bin;C:\Users\pranciskusmacevicius\AppData\Local\Microsoft\WindowsApps;C:\Java\java-21-openjdk-21.0.4.0.7-1.win.jdk.x86_64\bin
JRE paths:	C:\Java\java-21-openjdk-21.0.4.0.7-1.win.jdk.x86_64;C:\Program Files\Parallels\Parallels Tools\Applications;C:\WINDOWS\system32;C:\WINDOWS;C:\WINDOWS\System32\Wbem;C:\WINDOWS\System32\WindowsPowerShell\v1.0\;C:\Program Files\dotnet\;C:\Program Files\cursor\resources\app\bin;C:\Program Files\Git\cmd;C:\WINDOWS\System32\OpenSSH\;C:\Java\java-21-openjdk-21.0.4.0.7-1.win.jdk.x86_64\bin;C:\Users\pranciskusmacevicius\AppData\Local\Microsoft\WindowsApps;C:\Java\java-21-openjdk-21.0.4.0.7-1.win.jdk.x86_64\bin
Check launcher:	C:\Java\java-21-openjdk-21.0.4.0.7-1.win.jdk.x86_64\bin\javaw.exe (OK)
Version string: 1.021.000_004 / 64-Bit (OK)
Launcher:	C:\Java\java-21-openjdk-21.0.4.0.7-1.win.jdk.x86_64\bin\javaw.exe
Launcher args:	-jar "C:\fixed_version_route_maker\route_maker\RouteMaker\RouteMaker.jar"
Args length:	73/32768 chars
Exit code:	0


Version:	3.50
CmdLine:	C:\fixed_version_route_maker\route_maker\RouteMaker\launch4test.exe --l4j-debug
JNI:		No
WOW64:		Yes
Working dir:	C:\fixed_version_route_maker\route_maker\RouteMaker\.
Requires JDK:	No
Requires 64-Bit: No
Java min ver:	
Java max ver:	
Substitute:	JAVA_HOME = C:\Java\java-21-openjdk-21.0.4.0.7-1.win.jdk.x86_64
Substitute:	PATH = C:\Program Files\Parallels\Parallels Tools\Applications;C:\WINDOWS\system32;C:\WINDOWS;C:\WINDOWS\System32\Wbem;C:\WINDOWS\System32\WindowsPowerShell\v1.0\;C:\Program Files\dotnet\;C:\Program Files\cursor\resources\app\bin;C:\Program Files\Git\cmd;C:\WINDOWS\System32\OpenSSH\;C:\Java\java-21-openjdk-21.0.4.0.7-1.win.jdk.x86_64\bin;C:\Users\pranciskusmacevicius\AppData\Local\Microsoft\WindowsApps;C:\Java\java-21-openjdk-21.0.4.0.7-1.win.jdk.x86_64\bin
JRE paths:	C:\Java\java-21-openjdk-21.0.4.0.7-1.win.jdk.x86_64;C:\Program Files\Parallels\Parallels Tools\Applications;C:\WINDOWS\system32;C:\WINDOWS;C:\WINDOWS\System32\Wbem;C:\WINDOWS\System32\WindowsPowerShell\v1.0\;C:\Program Files\dotnet\;C:\Program Files\cursor\resources\app\bin;C:\Program Files\Git\cmd;C:\WINDOWS\System32\OpenSSH\;C:\Java\java-21-openjdk-21.0.4.0.7-1.win.jdk.x86_64\bin;C:\Users\pranciskusmacevicius\AppData\Local\Microsoft\WindowsApps;C:\Java\java-21-openjdk-21.0.4.0.7-1.win.jdk.x86_64\bin
Check launcher:	C:\Java\java-21-openjdk-21.0.4.0.7-1.win.jdk.x86_64\bin\javaw.exe (OK)
Version string: 1.021.000_004 / 64-Bit (OK)
Launcher:	C:\Java\java-21-openjdk-21.0.4.0.7-1.win.jdk.x86_64\bin\javaw.exe
Launcher args:	-jar "C:\fixed_version_route_maker\route_maker\RouteMaker\RouteMaker.jar"
Args length:	73/32768 chars
Exit code:	0


Version:	3.50
CmdLine:	C:\fixed_version_route_maker\route_maker\RouteMaker\launch4test.exe --l4j-debug
JNI:		No
WOW64:		Yes
Working dir:	C:\fixed_version_route_maker\route_maker\RouteMaker\.
Requires JDK:	No
Requires 64-Bit: No
Java min ver:	
Java max ver:	
Substitute:	JAVA_HOME = C:\Java\java-21-openjdk-21.0.4.0.7-1.win.jdk.x86_64
Substitute:	PATH = C:\Program Files\Parallels\Parallels Tools\Applications;C:\WINDOWS\system32;C:\WINDOWS;C:\WINDOWS\System32\Wbem;C:\WINDOWS\System32\WindowsPowerShell\v1.0\;C:\Program Files\dotnet\;C:\Program Files\cursor\resources\app\bin;C:\Program Files\Git\cmd;C:\WINDOWS\System32\OpenSSH\;C:\Java\java-21-openjdk-21.0.4.0.7-1.win.jdk.x86_64\bin;C:\Users\pranciskusmacevicius\AppData\Local\Microsoft\WindowsApps;C:\Java\java-21-openjdk-21.0.4.0.7-1.win.jdk.x86_64\bin
JRE paths:	C:\Java\java-21-openjdk-21.0.4.0.7-1.win.jdk.x86_64;C:\Program Files\Parallels\Parallels Tools\Applications;C:\WINDOWS\system32;C:\WINDOWS;C:\WINDOWS\System32\Wbem;C:\WINDOWS\System32\WindowsPowerShell\v1.0\;C:\Program Files\dotnet\;C:\Program Files\cursor\resources\app\bin;C:\Program Files\Git\cmd;C:\WINDOWS\System32\OpenSSH\;C:\Java\java-21-openjdk-21.0.4.0.7-1.win.jdk.x86_64\bin;C:\Users\pranciskusmacevicius\AppData\Local\Microsoft\WindowsApps;C:\Java\java-21-openjdk-21.0.4.0.7-1.win.jdk.x86_64\bin
Check launcher:	C:\Java\java-21-openjdk-21.0.4.0.7-1.win.jdk.x86_64\bin\javaw.exe (OK)
Version string: 1.021.000_004 / 64-Bit (OK)
Launcher:	C:\Java\java-21-openjdk-21.0.4.0.7-1.win.jdk.x86_64\bin\javaw.exe
Launcher args:	-jar "C:\fixed_version_route_maker\route_maker\RouteMaker\RouteMaker.jar"
Args length:	73/32768 chars
Exit code:	0


Version:	3.50
CmdLine:	C:\fixed_version_route_maker\route_maker\RouteMaker\launch4test.exe --l4j-debug
JNI:		No
WOW64:		Yes
Working dir:	C:\fixed_version_route_maker\route_maker\RouteMaker\.
Requires JDK:	No
Requires 64-Bit: No
Java min ver:	
Java max ver:	
Substitute:	JAVA_HOME = C:\Java\java-21-openjdk-21.0.4.0.7-1.win.jdk.x86_64
Substitute:	PATH = C:\Program Files\Parallels\Parallels Tools\Applications;C:\WINDOWS\system32;C:\WINDOWS;C:\WINDOWS\System32\Wbem;C:\WINDOWS\System32\WindowsPowerShell\v1.0\;C:\Program Files\dotnet\;C:\Program Files\cursor\resources\app\bin;C:\Program Files\Git\cmd;C:\WINDOWS\System32\OpenSSH\;C:\Java\java-21-openjdk-21.0.4.0.7-1.win.jdk.x86_64\bin;C:\Users\pranciskusmacevicius\AppData\Local\Microsoft\WindowsApps;C:\Java\java-21-openjdk-21.0.4.0.7-1.win.jdk.x86_64\bin
JRE paths:	C:\Java\java-21-openjdk-21.0.4.0.7-1.win.jdk.x86_64;C:\Program Files\Parallels\Parallels Tools\Applications;C:\WINDOWS\system32;C:\WINDOWS;C:\WINDOWS\System32\Wbem;C:\WINDOWS\System32\WindowsPowerShell\v1.0\;C:\Program Files\dotnet\;C:\Program Files\cursor\resources\app\bin;C:\Program Files\Git\cmd;C:\WINDOWS\System32\OpenSSH\;C:\Java\java-21-openjdk-21.0.4.0.7-1.win.jdk.x86_64\bin;C:\Users\pranciskusmacevicius\AppData\Local\Microsoft\WindowsApps;C:\Java\java-21-openjdk-21.0.4.0.7-1.win.jdk.x86_64\bin
Check launcher:	C:\Java\java-21-openjdk-21.0.4.0.7-1.win.jdk.x86_64\bin\javaw.exe (OK)
Version string: 1.021.000_004 / 64-Bit (OK)
Launcher:	C:\Java\java-21-openjdk-21.0.4.0.7-1.win.jdk.x86_64\bin\javaw.exe
Launcher args:	-jar "C:\fixed_version_route_maker\route_maker\RouteMaker\RouteMaker.jar"
Args length:	73/32768 chars
Exit code:	0


Version:	3.50
CmdLine:	C:\fixed_version_route_maker\route_maker\RouteMaker\launch4test.exe --l4j-debug
JNI:		No
WOW64:		Yes
Working dir:	C:\fixed_version_route_maker\route_maker\RouteMaker\.
Requires JDK:	No
Requires 64-Bit: No
Java min ver:	
Java max ver:	
Substitute:	JAVA_HOME = C:\Java\java-21-openjdk-21.0.4.0.7-1.win.jdk.x86_64
Substitute:	PATH = C:\Program Files\Parallels\Parallels Tools\Applications;C:\WINDOWS\system32;C:\WINDOWS;C:\WINDOWS\System32\Wbem;C:\WINDOWS\System32\WindowsPowerShell\v1.0\;C:\Program Files\dotnet\;C:\Program Files\cursor\resources\app\bin;C:\Program Files\Git\cmd;C:\WINDOWS\System32\OpenSSH\;C:\Java\java-21-openjdk-21.0.4.0.7-1.win.jdk.x86_64\bin;C:\Users\pranciskusmacevicius\AppData\Local\Microsoft\WindowsApps;C:\Java\java-21-openjdk-21.0.4.0.7-1.win.jdk.x86_64\bin
JRE paths:	C:\Java\java-21-openjdk-21.0.4.0.7-1.win.jdk.x86_64;C:\Program Files\Parallels\Parallels Tools\Applications;C:\WINDOWS\system32;C:\WINDOWS;C:\WINDOWS\System32\Wbem;C:\WINDOWS\System32\WindowsPowerShell\v1.0\;C:\Program Files\dotnet\;C:\Program Files\cursor\resources\app\bin;C:\Program Files\Git\cmd;C:\WINDOWS\System32\OpenSSH\;C:\Java\java-21-openjdk-21.0.4.0.7-1.win.jdk.x86_64\bin;C:\Users\pranciskusmacevicius\AppData\Local\Microsoft\WindowsApps;C:\Java\java-21-openjdk-21.0.4.0.7-1.win.jdk.x86_64\bin
Check launcher:	C:\Java\java-21-openjdk-21.0.4.0.7-1.win.jdk.x86_64\bin\javaw.exe (OK)
Version string: 1.021.000_004 / 64-Bit (OK)
Launcher:	C:\Java\java-21-openjdk-21.0.4.0.7-1.win.jdk.x86_64\bin\javaw.exe
Launcher args:	-jar "C:\fixed_version_route_maker\route_maker\RouteMaker\RouteMaker.jar"
Args length:	73/32768 chars
Exit code:	0


Version:	3.50
CmdLine:	C:\fixed_version_route_maker\route_maker\RouteMaker\launch4test.exe --l4j-debug
JNI:		No
WOW64:		Yes
Working dir:	C:\fixed_version_route_maker\route_maker\RouteMaker\.
Requires JDK:	No
Requires 64-Bit: No
Java min ver:	
Java max ver:	
Substitute:	JAVA_HOME = C:\Java\java-21-openjdk-21.0.4.0.7-1.win.jdk.x86_64
Substitute:	PATH = C:\Program Files\Parallels\Parallels Tools\Applications;C:\WINDOWS\system32;C:\WINDOWS;C:\WINDOWS\System32\Wbem;C:\WINDOWS\System32\WindowsPowerShell\v1.0\;C:\Program Files\dotnet\;C:\Program Files\cursor\resources\app\bin;C:\Program Files\Git\cmd;C:\WINDOWS\System32\OpenSSH\;C:\Java\java-21-openjdk-21.0.4.0.7-1.win.jdk.x86_64\bin;C:\Users\pranciskusmacevicius\AppData\Local\Microsoft\WindowsApps;C:\Java\java-21-openjdk-21.0.4.0.7-1.win.jdk.x86_64\bin
JRE paths:	C:\Java\java-21-openjdk-21.0.4.0.7-1.win.jdk.x86_64;C:\Program Files\Parallels\Parallels Tools\Applications;C:\WINDOWS\system32;C:\WINDOWS;C:\WINDOWS\System32\Wbem;C:\WINDOWS\System32\WindowsPowerShell\v1.0\;C:\Program Files\dotnet\;C:\Program Files\cursor\resources\app\bin;C:\Program Files\Git\cmd;C:\WINDOWS\System32\OpenSSH\;C:\Java\java-21-openjdk-21.0.4.0.7-1.win.jdk.x86_64\bin;C:\Users\pranciskusmacevicius\AppData\Local\Microsoft\WindowsApps;C:\Java\java-21-openjdk-21.0.4.0.7-1.win.jdk.x86_64\bin
Check launcher:	C:\Java\java-21-openjdk-21.0.4.0.7-1.win.jdk.x86_64\bin\javaw.exe (OK)
Version string: 1.021.000_004 / 64-Bit (OK)
Launcher:	C:\Java\java-21-openjdk-21.0.4.0.7-1.win.jdk.x86_64\bin\javaw.exe
Launcher args:	-jar "C:\fixed_version_route_maker\route_maker\RouteMaker\RouteMaker.jar"
Args length:	73/32768 chars
Exit code:	0


Version:	3.50
CmdLine:	C:\fixed_version_route_maker\route_maker\RouteMaker\launch4test.exe --l4j-debug
JNI:		No
WOW64:		Yes
Working dir:	C:\fixed_version_route_maker\route_maker\RouteMaker\.
Requires JDK:	No
Requires 64-Bit: No
Java min ver:	
Java max ver:	
Substitute:	JAVA_HOME = C:\Java\java-21-openjdk-21.0.4.0.7-1.win.jdk.x86_64
Substitute:	PATH = C:\Program Files\Parallels\Parallels Tools\Applications;C:\WINDOWS\system32;C:\WINDOWS;C:\WINDOWS\System32\Wbem;C:\WINDOWS\System32\WindowsPowerShell\v1.0\;C:\Program Files\dotnet\;C:\Program Files\cursor\resources\app\bin;C:\Program Files\Git\cmd;C:\WINDOWS\System32\OpenSSH\;C:\Java\java-21-openjdk-21.0.4.0.7-1.win.jdk.x86_64\bin;C:\Users\pranciskusmacevicius\AppData\Local\Microsoft\WindowsApps;C:\Java\java-21-openjdk-21.0.4.0.7-1.win.jdk.x86_64\bin
JRE paths:	C:\Java\java-21-openjdk-21.0.4.0.7-1.win.jdk.x86_64;C:\Program Files\Parallels\Parallels Tools\Applications;C:\WINDOWS\system32;C:\WINDOWS;C:\WINDOWS\System32\Wbem;C:\WINDOWS\System32\WindowsPowerShell\v1.0\;C:\Program Files\dotnet\;C:\Program Files\cursor\resources\app\bin;C:\Program Files\Git\cmd;C:\WINDOWS\System32\OpenSSH\;C:\Java\java-21-openjdk-21.0.4.0.7-1.win.jdk.x86_64\bin;C:\Users\pranciskusmacevicius\AppData\Local\Microsoft\WindowsApps;C:\Java\java-21-openjdk-21.0.4.0.7-1.win.jdk.x86_64\bin
Check launcher:	C:\Java\java-21-openjdk-21.0.4.0.7-1.win.jdk.x86_64\bin\javaw.exe (OK)
Version string: 1.021.000_004 / 64-Bit (OK)
Launcher:	C:\Java\java-21-openjdk-21.0.4.0.7-1.win.jdk.x86_64\bin\javaw.exe
Launcher args:	-jar "C:\fixed_version_route_maker\route_maker\RouteMaker\RouteMaker.jar"
Args length:	73/32768 chars
Exit code:	0
